<?xml version="1.0" encoding="UTF-8"?>
<!-- Generated by org.testng.reporters.JUnitReportReporter -->
<testsuite skipped="0" hostname="DESKTOP-SRVK3EK" name="pages.TC001_CreateLead" tests="2" failures="0" timestamp="29 Jul 2018 05:02:10 GMT" time="36.622" errors="0">
  <testcase name="createLead" time="17.407" classname="pages.TC001_CreateLead"/>
  <testcase name="createLead" time="19.215" classname="pages.TC001_CreateLead"/>
</testsuite> <!-- pages.TC001_CreateLead -->
